
|||

I want to go to ((120)) from ((132))

I want to go

To ((120))

From ((132))

|||

Yes

Yes

|||

Yes

Yes

|||

Next Saturday day thirteen before the eleven

Next Saturday day thirteen

Before the eleven

|||

Yes I want the schedules before the eleven

Yes

I want

The schedules

Before the eleven

|||

No

No

|||

I want to know schedule and price to ((132))

I want to know

Schedule

And price

To ((132))

|||

I do not want to go out from ((101))

No

I want

Go out

From ((101))

|||

Next Saturday in the morning

Next Saturday

In the morning

|||

No graces

No

thank you
