
|||

Je veux aller à ((120)) depuis ((132))

Je veux aller

À ((120))

Depuis ((132))

|||

Soi

Soi

|||

Soi

Soi

|||

Le prochain samedi jour treize avant des onze

Le prochain samedi jour treize

Avant des onze

|||

j'oui veux les horaires avant des onze

Soi

Je veux

Les horaires

Avant des onze

|||

Ne

Ne

|||

Je veux connaître horaire et prix à ((132))

Je veux connaître

Horaire

Et prix

À ((132))

|||

je ne veux pas sortir depuis ((101))

Ne

Je veux

Sortir

Depuis ((101))

|||

Le prochain samedi par le matin

Le prochain samedi

Par le matin

|||

Soi

Soi

|||

oui connaître l'horaire des trains par le matin

Soi

Connaître

L'horaire des trains

Par le matin

|||

j'oui veux savoir le prix

Soi

Je veux savoir

Le prix

|||

Ne grâces

Ne

Grâces
