|||

J'ai envie d'aller à ((120)) de ((132))

Je veux y aller

((120))

de ((132))

|||

Oui

Oui

17 mars

entre

|||

Oui, je souhaite faire ((132)) le 17 mars entre dix et onze

Oui

Je tiens à

Télécharger

à ((132))

le dix-septième de mars

entre dix et onze

|||

Oui je voudrais arriver à ((132)) le 17 mars entre dix et 11:00 du matin

Oui

Je tiens à

Télécharger

à ((132))

le dix-septième de mars

entre dix et 11:00 du matin

|||

Oui, je souhaite arriver le matin

Oui

Je tiens à

Télécharger

Du matin

|||

Oui, je voudrais revenir l'après-midi vingt jours s'il vous plaît

Oui

Je voudrais souligner que

remballer

le vingtième jour

dans l'après-midi

S'il vous plaît

|||

Je voudrais savoir les heures pour retourner les vingt dans l'après-midi le 20 mars

Je voudrais savoir

horaires

pour retourner

la vingtième

dans l'après-midi

le 20 mars

|||

Oui, je souhaite connaître le prix pour le voyage de retour et retour

Oui

Je voudrais savoir

prix

pour le voyage retour et retour
