 |||

Je veux aller à ((120)) de ((132))

je veux aller

à ((120))

à partir de ((132))

|||

oui

oui

|||

oui

oui

|||

Samedi treizième jour avant onze

Samedi prochain treize

avant onze

|||

Je ne veux fois avant onze

oui

je veux

les horaires

avant onze

|||

aucun

aucun

|||

Je veux rencontrer le calendrier et le prix ((132))

je veux connaitre

horaire

et le prix

à ((132))

|||

Je ne veux pas laisser partir ((101))

aucun

je veux

sortir

à partir de ((101))

|||

samedi matin

samedi prochain

le matin

|||

oui

oui

|||

oui connaître l'horaire des trains du matin

oui

savoir

l'horaire des trains

le matin

|||

Je ne veux connaître le prix

oui

je veux savoir

le prix

|||

oui je voudrais arriver à ((132)) le 17 Mars entre dix et onze

oui

J'aimerais

arriver

à ((132))

17 Mars

entre dix et onze

|||

oui je voudrais arriver à ((132)) le 17 Mars dix heures-onze heures

oui

J'aimerais

arriver

à ((132))

17 Mars

dix heures-à-onze heures

|||

oui j'arriver le matin

oui

J'aimerais

arriver

le matin

|||

oui, je voudrais revenir sur le vingtième après-midi, s'il vous plaît

oui

J'aimerais que

retour

la vingtième

dans l'après midi

s'il vous plait

|||

Je voudrais connaître les temps de revenir vingt heures le 20 Mars

J'aimerais savoir

les horaires

pour revenir

vingt

dans l'après midi

20 Mars

|||

oui je voudrais connaître le prix pour le voyage aller et retour

oui

J'aimerais savoir

les prix

pour le voyage aller et retour

|||

non merci

aucun

merci

