|||

je veux aller à ((120)) depuis ((132))

je veux aller

a ((120))

depuis ((132))

|||

oui

oui

|||

oui

oui

|||

samedi prochain jour treize avant les onze

samedi prochain treize

avant les onze

|||

par contre je veux les horaires avant les onze

oui

je veux

les horaires

avant les onze

|||

non

non

|||

je veux connaître horaire et prix à ((132))

je veux connaître

horaire

et prix

a ((132))

|||

je ne veux pas sortir depuis ((101))

non

je veux

sortir

depuis ((101))

|||

samedi prochain le matin

samedi prochain

le matin

|||

par contre me plairait d'arriver à ((132)) le dix-sept mars entre les dix et les onze

oui

il me plairait

arriver

a ((132))

le dix-sept mars

entre les dix et les onze

|||

par contre me plairait d'arriver à ((132)) le dix-sept mars entre les dix et les onze du matin

oui

il me plairait

arriver

a ((132))

le dix-sept mars

entre les dix et les onze du matin

|||

par contre il me plairait d'arriver le matin

oui

il me plairait

arriver

le matin

|||

par contre il me plairait que le jour en tourne vingt l'après-midi s'il te plaît

oui

il me plairait que

revenez

le vingt

l'après-midi

s'il vous plaît

|||

me plairait de savoir les horaires pour revenir le vingt l'après-midi le vingt mars

il me plairait de savoir

les horaires

pour revenir

le vingt

l'après-midi

le vingt mars

|||

par contre il me plairait de savoir les prix pour le trajet d'aller et de tour

oui

il me plairait de savoir

les prix

pour le trajet d'aller et de tour

|||

pas de grâces

non

grâces

