|||

veux aller a ((120)) depuis ((132))

je veux aller

a ((120))

depuis ((132))

|||

oui

oui

|||

oui

oui

|||

prochain samedi jour treize avant les onze

prochain samedi jour treize

avant les onze

|||

en effet je veux les horaires avant les onze

oui

je veux

les horaires

avant les onze

|||

non

non

|||

je veux connaître horaire et prix a ((132))

je veux connaître

horaire

et j'évalue

a ((132))

|||

je ne veux pas sortir depuis ((101))

non

je veux

sortir

depuis ((101))

|||

prochain samedi le matin

prochain samedi

le matin

|||

oui

oui

|||

en effet connaître l'horaire des trains le matin

oui

connaître

l'horaire des trains

le matin

|||

en effet je veux savoir le prix

oui

je veux savoir

le prix

|||

en effet je m'aimerais arriver a ((132)) le dix-sept mars entre les dix et onze

oui

je m'aimerais

arriver

a ((132))

le dix-sept mars

entre les dix et onze

|||

en effet je m'aimerais arriver a ((132)) le dix-sept mars entre les dix et onze H du matin

oui

je m'aimerais

arriver

a ((132))

le dix-sept mars

entre les dix et onze H du matin

|||

en effet je m'aimerais arriver le matin

oui

je m'aimerais

arriver

le matin

|||

en effet je m'aimerais qu'il retourne le vingt l'après-midi s'il vous plaît

oui

je m'aimerais que

retournez

le vingt

l'après-midi

s'il vous plaît

|||

je m'aimerais savoir les horaires pour retourner les vingt l'après-midi le vingt mars

je m'aimerais savoir

les horaires

pour retourner

les vingt

l'après-midi

le vingt mars

|||

en effet je m'aimerais savoir les prix pour le trajet d' allée et de retour

oui

je m'aimerais savoir

les prix

pour le trajet d' allée et de retour

|||

non merci

non

merci

