|||

I want to go a ((120)) from ((132))

I want to go

a ((120))

from ((132))

|||

yes

yes

|||

yes

yes

|||

the next Saturday day thirteen before the eleven

the next Saturday day thirteen

before the eleven

|||

yes I want the schedules before the eleven

yes

I want

the schedules

before the eleven

|||

no

no

|||

I want to know schedule and price a ((132))

I want to know

schedule

and price

a ((132))

|||

I do not want to go out from ((101))

no

I want

to leave

from ((101))

|||

the next Saturday in the morning

the next Saturday

in the morning

|||

yes

yes

|||

yes to know the schedule the trains in the morning

yes

to know

the schedule of the trains

in the morning

|||

yes I want to know the price

yes

I want to know

the price

|||

yes I would like to arrive a ((132)) the seventeen of March between the ten and the eleven

yes

I would like

to arrive

a ((132))

the seventeen of March

between the ten and the eleven

|||

yes I would like to arrive a ((132)) the seventeen of March between the ten and the eleven in the morning

yes

I would like

to arrive

a ((132))

the seventeen of March

between the ten and the eleven in the morning

|||

yes I would like to arrive in the morning

yes

I would like

to arrive

in the morning

|||

yes I would like that it returns day twenty in the evening please

yes

I would like that

it returns

day twenty

in the evening

please

|||

I would like to know how the schedules to return the twenty in the evening the twenty from March

I would like to know

the schedules

in order to return

the twenty

in the evening

the twenty of March

|||

yes I would like to know the prices for the return and going passage

yes

I would like to know

the prices

for the return and going passage

|||

nonthanks

no

thanks

